[14:05:00 WRN] The WebRootPath was not found: D:\HRMS\api\src\HRMS.Api\bin\Debug\net8.0\wwwroot. Static files may be unavailable.
[14:05:08 WRN] Failed to determine the https port for redirect.
[14:05:09 INF] HTTP POST /api/auth/login responded 200 in 330.4476 ms
[14:05:09 ERR] Unhandled exception while processing request.
AutoMapper.AutoMapperMappingException: Error mapping types.

Mapping types:
List`1 -> IReadOnlyCollection`1
System.Collections.Generic.List`1[[HRMS.Domain.Entities.Employee, HRMS.Domain, Version=1.0.0.0, Culture=neutral, PublicKeyToken=null]] -> System.Collections.Generic.IReadOnlyCollection`1[[HRMS.Application.DTOs.EmployeeDto, HRMS.Application, Version=1.0.0.0, Culture=neutral, PublicKeyToken=null]]
 ---> System.ArgumentException: HRMS.Application.DTOs.EmployeeDto needs to have a constructor with 0 args or only optional args. Validate your configuration for details. (Parameter 'type')
   at lambda_method403(Closure, Object, IReadOnlyCollection`1, ResolutionContext)
   --- End of inner exception stack trace ---
   at lambda_method403(Closure, Object, IReadOnlyCollection`1, ResolutionContext)
   at HRMS.Application.Features.Employees.Queries.GetEmployeesQueryHandler.Handle(GetEmployeesQuery request, CancellationToken cancellationToken) in D:\HRMS\api\src\HRMS.Application\Features\Employees\Queries\EmployeeQueries.cs:line 38
   at HRMS.Application.Common.Behaviors.ValidationBehavior`2.Handle(TRequest request, RequestHandlerDelegate`1 next, CancellationToken cancellationToken) in D:\HRMS\api\src\HRMS.Application\Common\Behaviors\ValidationBehavior.cs:line 30
   at MediatR.Pipeline.RequestExceptionProcessorBehavior`2.Handle(TRequest request, RequestHandlerDelegate`1 next, CancellationToken cancellationToken)
   at MediatR.Pipeline.RequestExceptionProcessorBehavior`2.Handle(TRequest request, RequestHandlerDelegate`1 next, CancellationToken cancellationToken)
   at MediatR.Pipeline.RequestExceptionActionProcessorBehavior`2.Handle(TRequest request, RequestHandlerDelegate`1 next, CancellationToken cancellationToken)
   at MediatR.Pipeline.RequestExceptionActionProcessorBehavior`2.Handle(TRequest request, RequestHandlerDelegate`1 next, CancellationToken cancellationToken)
   at MediatR.Pipeline.RequestPostProcessorBehavior`2.Handle(TRequest request, RequestHandlerDelegate`1 next, CancellationToken cancellationToken)
   at MediatR.Pipeline.RequestPreProcessorBehavior`2.Handle(TRequest request, RequestHandlerDelegate`1 next, CancellationToken cancellationToken)
   at HRMS.Api.Controllers.EmployeesController.GetAll(Int32 pageNumber, Int32 pageSize, String search, Nullable`1 departmentId, String sortBy, Boolean descending, CancellationToken cancellationToken) in D:\HRMS\api\src\HRMS.Api\Controllers\EmployeesController.cs:line 22
   at Microsoft.AspNetCore.Mvc.Infrastructure.ActionMethodExecutor.TaskOfIActionResultExecutor.Execute(ActionContext actionContext, IActionResultTypeMapper mapper, ObjectMethodExecutor executor, Object controller, Object[] arguments)
   at Microsoft.AspNetCore.Mvc.Infrastructure.ControllerActionInvoker.<InvokeActionMethodAsync>g__Awaited|12_0(ControllerActionInvoker invoker, ValueTask`1 actionResultValueTask)
   at Microsoft.AspNetCore.Mvc.Infrastructure.ControllerActionInvoker.<InvokeNextActionFilterAsync>g__Awaited|10_0(ControllerActionInvoker invoker, Task lastTask, State next, Scope scope, Object state, Boolean isCompleted)
   at Microsoft.AspNetCore.Mvc.Infrastructure.ControllerActionInvoker.Rethrow(ActionExecutedContextSealed context)
   at Microsoft.AspNetCore.Mvc.Infrastructure.ControllerActionInvoker.Next(State& next, Scope& scope, Object& state, Boolean& isCompleted)
   at Microsoft.AspNetCore.Mvc.Infrastructure.ControllerActionInvoker.<InvokeInnerFilterAsync>g__Awaited|13_0(ControllerActionInvoker invoker, Task lastTask, State next, Scope scope, Object state, Boolean isCompleted)
   at Microsoft.AspNetCore.Mvc.Infrastructure.ResourceInvoker.<InvokeFilterPipelineAsync>g__Awaited|20_0(ResourceInvoker invoker, Task lastTask, State next, Scope scope, Object state, Boolean isCompleted)
   at Microsoft.AspNetCore.Mvc.Infrastructure.ResourceInvoker.<InvokeAsync>g__Awaited|17_0(ResourceInvoker invoker, Task task, IDisposable scope)
   at Microsoft.AspNetCore.Mvc.Infrastructure.ResourceInvoker.<InvokeAsync>g__Awaited|17_0(ResourceInvoker invoker, Task task, IDisposable scope)
   at Microsoft.AspNetCore.Authorization.AuthorizationMiddleware.Invoke(HttpContext context)
   at Microsoft.AspNetCore.Authentication.AuthenticationMiddleware.Invoke(HttpContext context)
   at Swashbuckle.AspNetCore.SwaggerUI.SwaggerUIMiddleware.Invoke(HttpContext httpContext)
   at Swashbuckle.AspNetCore.Swagger.SwaggerMiddleware.Invoke(HttpContext httpContext, ISwaggerProvider swaggerProvider)
   at HRMS.Api.Middleware.ExceptionHandlingMiddleware.InvokeAsync(HttpContext context) in D:\HRMS\api\src\HRMS.Api\Middleware\ExceptionHandlingMiddleware.cs:line 22
[14:05:09 ERR] HTTP GET /api/employees responded 500 in 367.0140 ms
